[debug] [2024-09-07T08:14:26.533Z] ----------------------------------------------------------------------
[debug] [2024-09-07T08:14:26.535Z] Command:       /home/nandakishor/.nvm/versions/node/v22.3.0/bin/node /home/nandakishor/.nvm/versions/node/v22.3.0/bin/firebase init
[debug] [2024-09-07T08:14:26.535Z] CLI Version:   13.16.0
[debug] [2024-09-07T08:14:26.535Z] Platform:      linux
[debug] [2024-09-07T08:14:26.535Z] Node Version:  v22.3.0
[debug] [2024-09-07T08:14:26.535Z] Time:          Sat Sep 07 2024 13:44:26 GMT+0530 (India Standard Time)
[debug] [2024-09-07T08:14:26.535Z] ----------------------------------------------------------------------
[debug] 
[debug] [2024-09-07T08:14:26.541Z] > command requires scopes: ["email","openid","https://www.googleapis.com/auth/cloudplatformprojects.readonly","https://www.googleapis.com/auth/firebase","https://www.googleapis.com/auth/cloud-platform"]
[debug] [2024-09-07T08:14:26.541Z] > authorizing via signed-in user (nandunandakishor345@gmail.com)
[info] 
     ######## #### ########  ######## ########     ###     ######  ########
     ##        ##  ##     ## ##       ##     ##  ##   ##  ##       ##
     ######    ##  ########  ######   ########  #########  ######  ######
     ##        ##  ##    ##  ##       ##     ## ##     ##       ## ##
     ##       #### ##     ## ######## ########  ##     ##  ######  ########

You're about to initialize a Firebase project in this directory:

  /home/nandakishor/works/tic-tac-toe

[info] 
=== Project Setup
[info] 
[info] First, let's associate this project directory with a Firebase project.
[info] You can create multiple project aliases by running firebase use --add, 
[info] but for now we'll just set up a default project.
[info] 
[debug] [2024-09-07T08:14:44.911Z] >>> [apiv2][query] GET https://firebase.googleapis.com/v1beta1/projects pageSize=100
[debug] [2024-09-07T08:14:45.908Z] <<< [apiv2][status] GET https://firebase.googleapis.com/v1beta1/projects 200
[debug] [2024-09-07T08:14:45.909Z] <<< [apiv2][body] GET https://firebase.googleapis.com/v1beta1/projects [omitted]
[info] i  Using project tic-tac-toe-nandakishor (Tic Tac Toe) 
[info] 
=== Hosting Setup
[debug] [2024-09-07T08:14:48.526Z] >>> [apiv2][query] GET https://firebase.googleapis.com/v1beta1/projects/tic-tac-toe-nandakishor [none]
[debug] [2024-09-07T08:14:49.173Z] <<< [apiv2][status] GET https://firebase.googleapis.com/v1beta1/projects/tic-tac-toe-nandakishor 200
[debug] [2024-09-07T08:14:49.174Z] <<< [apiv2][body] GET https://firebase.googleapis.com/v1beta1/projects/tic-tac-toe-nandakishor {"projectId":"tic-tac-toe-nandakishor","projectNumber":"963389395944","displayName":"Tic Tac Toe","name":"projects/tic-tac-toe-nandakishor","resources":{"hostingSite":"tic-tac-toe-nandakishor"},"state":"ACTIVE","etag":"1_93b1c871-ba79-4bc2-a398-ebfccc0e4f54"}
[info] 
[info] Your public directory is the folder (relative to your project directory) that
[info] will contain Hosting assets to be uploaded with firebase deploy. If you
[info] have a build process for your assets, use your build's output directory.
[info] 
